2020-10-27 13:28:45 [scrapy.utils.log] INFO: Scrapy 2.4.0 started (bot: scrapy_project)
2020-10-27 13:28:45 [scrapy.utils.log] INFO: Versions: lxml 4.6.1.0, libxml2 2.9.10, cssselect 1.1.0, parsel 1.6.0, w3lib 1.22.0, Twisted 20.3.0, Python 3.7.9 (default, Oct 26 2020, 15:26:04) - [Clang 12.0.0 (clang-1200.0.32.21)], pyOpenSSL 19.1.0 (OpenSSL 1.1.1h  22 Sep 2020), cryptography 3.2, Platform Darwin-19.6.0-x86_64-i386-64bit
2020-10-27 13:28:45 [scrapy.utils.log] DEBUG: Using reactor: twisted.internet.selectreactor.SelectReactor
2020-10-27 13:28:45 [scrapy.crawler] INFO: Overridden settings:
{'BOT_NAME': 'scrapy_project',
 'DOWNLOAD_DELAY': 3,
 'LOG_FILE': 'index.log',
 'NEWSPIDER_MODULE': 'scrapy_project.spiders',
 'ROBOTSTXT_OBEY': True,
 'SPIDER_MODULES': ['scrapy_project.spiders']}
2020-10-27 13:28:45 [scrapy.extensions.telnet] INFO: Telnet Password: 61807b96cd95ea94
2020-10-27 13:28:45 [scrapy.middleware] INFO: Enabled extensions:
['scrapy.extensions.corestats.CoreStats',
 'scrapy.extensions.telnet.TelnetConsole',
 'scrapy.extensions.memusage.MemoryUsage',
 'scrapy.extensions.feedexport.FeedExporter',
 'scrapy.extensions.logstats.LogStats']
2020-10-27 13:28:45 [scrapy.middleware] INFO: Enabled downloader middlewares:
['scrapy.downloadermiddlewares.robotstxt.RobotsTxtMiddleware',
 'scrapy.downloadermiddlewares.httpauth.HttpAuthMiddleware',
 'scrapy.downloadermiddlewares.downloadtimeout.DownloadTimeoutMiddleware',
 'scrapy.downloadermiddlewares.defaultheaders.DefaultHeadersMiddleware',
 'scrapy.downloadermiddlewares.useragent.UserAgentMiddleware',
 'scrapy.downloadermiddlewares.retry.RetryMiddleware',
 'scrapy.downloadermiddlewares.redirect.MetaRefreshMiddleware',
 'scrapy.downloadermiddlewares.httpcompression.HttpCompressionMiddleware',
 'scrapy.downloadermiddlewares.redirect.RedirectMiddleware',
 'scrapy.downloadermiddlewares.cookies.CookiesMiddleware',
 'scrapy.downloadermiddlewares.httpproxy.HttpProxyMiddleware',
 'scrapy.downloadermiddlewares.stats.DownloaderStats']
2020-10-27 13:28:45 [scrapy.middleware] INFO: Enabled spider middlewares:
['scrapy.spidermiddlewares.httperror.HttpErrorMiddleware',
 'scrapy.spidermiddlewares.offsite.OffsiteMiddleware',
 'scrapy.spidermiddlewares.referer.RefererMiddleware',
 'scrapy.spidermiddlewares.urllength.UrlLengthMiddleware',
 'scrapy.spidermiddlewares.depth.DepthMiddleware']
2020-10-27 13:28:45 [scrapy.middleware] INFO: Enabled item pipelines:
[]
2020-10-27 13:28:45 [scrapy.core.engine] INFO: Spider opened
2020-10-27 13:28:45 [scrapy.extensions.logstats] INFO: Crawled 0 pages (at 0 pages/min), scraped 0 items (at 0 items/min)
2020-10-27 13:28:45 [scrapy.extensions.telnet] INFO: Telnet console listening on 127.0.0.1:6027
2020-10-27 13:28:45 [scrapy.downloadermiddlewares.redirect] DEBUG: Redirecting (301) to <GET https://employment.en-japan.com:443/robots.txt> from <GET http://employment.en-japan.com/robots.txt>
2020-10-27 13:28:49 [scrapy.core.engine] DEBUG: Crawled (200) <GET https://employment.en-japan.com:443/robots.txt> (referer: None)
2020-10-27 13:28:53 [scrapy.downloadermiddlewares.redirect] DEBUG: Redirecting (301) to <GET https://employment.en-japan.com:443/search/search_list/?occupation_back=400000&caroute=0701&occupation=401000_401500_402000_402500_403000_403500_404000_404500_405000_405500_409000/> from <GET http://employment.en-japan.com/search/search_list/?occupation_back=400000&caroute=0701&occupation=401000_401500_402000_402500_403000_403500_404000_404500_405000_405500_409000/>
2020-10-27 13:28:57 [scrapy.core.engine] DEBUG: Crawled (200) <GET https://employment.en-japan.com:443/robots.txt> (referer: None)
2020-10-27 13:29:03 [scrapy.core.engine] DEBUG: Crawled (200) <GET https://employment.en-japan.com:443/search/search_list/?occupation_back=400000&caroute=0701&occupation=401000_401500_402000_402500_403000_403500_404000_404500_405000_405500_409000/> (referer: None)
2020-10-27 13:29:03 [scrapy.spidermiddlewares.offsite] DEBUG: Filtered offsite request to 'employment.en-japan.com': <GET https://employment.en-japan.com:443/desc_1032233/?PK=1A6ED1&arearoute=1>
2020-10-27 13:29:03 [scrapy.core.engine] INFO: Closing spider (finished)
2020-10-27 13:29:03 [scrapy.statscollectors] INFO: Dumping Scrapy stats:
{'downloader/request_bytes': 2130,
 'downloader/request_count': 5,
 'downloader/request_method_count/GET': 5,
 'downloader/response_bytes': 113582,
 'downloader/response_count': 5,
 'downloader/response_status_count/200': 3,
 'downloader/response_status_count/301': 2,
 'elapsed_time_seconds': 17.463354,
 'finish_reason': 'finished',
 'finish_time': datetime.datetime(2020, 10, 27, 4, 29, 3, 300853),
 'log_count/DEBUG': 6,
 'log_count/INFO': 10,
 'memusage/max': 51916800,
 'memusage/startup': 51916800,
 'offsite/domains': 1,
 'offsite/filtered': 1,
 'request_depth_max': 1,
 'response_received_count': 3,
 'robotstxt/request_count': 2,
 'robotstxt/response_count': 2,
 'robotstxt/response_status_count/200': 2,
 'scheduler/dequeued': 2,
 'scheduler/dequeued/memory': 2,
 'scheduler/enqueued': 2,
 'scheduler/enqueued/memory': 2,
 'start_time': datetime.datetime(2020, 10, 27, 4, 28, 45, 837499)}
2020-10-27 13:29:03 [scrapy.core.engine] INFO: Spider closed (finished)
2020-10-27 13:47:08 [scrapy.utils.log] INFO: Scrapy 2.4.0 started (bot: scrapy_project)
2020-10-27 13:47:08 [scrapy.utils.log] INFO: Versions: lxml 4.6.1.0, libxml2 2.9.10, cssselect 1.1.0, parsel 1.6.0, w3lib 1.22.0, Twisted 20.3.0, Python 3.7.9 (default, Oct 26 2020, 15:26:04) - [Clang 12.0.0 (clang-1200.0.32.21)], pyOpenSSL 19.1.0 (OpenSSL 1.1.1h  22 Sep 2020), cryptography 3.2, Platform Darwin-19.6.0-x86_64-i386-64bit
2020-10-27 13:47:08 [scrapy.utils.log] DEBUG: Using reactor: twisted.internet.selectreactor.SelectReactor
2020-10-27 13:47:08 [scrapy.crawler] INFO: Overridden settings:
{'BOT_NAME': 'scrapy_project',
 'DOWNLOAD_DELAY': 3,
 'LOG_FILE': 'index.log',
 'NEWSPIDER_MODULE': 'scrapy_project.spiders',
 'ROBOTSTXT_OBEY': True,
 'SPIDER_MODULES': ['scrapy_project.spiders']}
2020-10-27 13:47:08 [scrapy.extensions.telnet] INFO: Telnet Password: 165b2de11e0975ce
2020-10-27 13:47:08 [scrapy.middleware] INFO: Enabled extensions:
['scrapy.extensions.corestats.CoreStats',
 'scrapy.extensions.telnet.TelnetConsole',
 'scrapy.extensions.memusage.MemoryUsage',
 'scrapy.extensions.feedexport.FeedExporter',
 'scrapy.extensions.logstats.LogStats']
2020-10-27 13:47:08 [scrapy.middleware] INFO: Enabled downloader middlewares:
['scrapy.downloadermiddlewares.robotstxt.RobotsTxtMiddleware',
 'scrapy.downloadermiddlewares.httpauth.HttpAuthMiddleware',
 'scrapy.downloadermiddlewares.downloadtimeout.DownloadTimeoutMiddleware',
 'scrapy.downloadermiddlewares.defaultheaders.DefaultHeadersMiddleware',
 'scrapy.downloadermiddlewares.useragent.UserAgentMiddleware',
 'scrapy.downloadermiddlewares.retry.RetryMiddleware',
 'scrapy.downloadermiddlewares.redirect.MetaRefreshMiddleware',
 'scrapy.downloadermiddlewares.httpcompression.HttpCompressionMiddleware',
 'scrapy.downloadermiddlewares.redirect.RedirectMiddleware',
 'scrapy.downloadermiddlewares.cookies.CookiesMiddleware',
 'scrapy.downloadermiddlewares.httpproxy.HttpProxyMiddleware',
 'scrapy.downloadermiddlewares.stats.DownloaderStats']
2020-10-27 13:47:08 [scrapy.middleware] INFO: Enabled spider middlewares:
['scrapy.spidermiddlewares.httperror.HttpErrorMiddleware',
 'scrapy.spidermiddlewares.offsite.OffsiteMiddleware',
 'scrapy.spidermiddlewares.referer.RefererMiddleware',
 'scrapy.spidermiddlewares.urllength.UrlLengthMiddleware',
 'scrapy.spidermiddlewares.depth.DepthMiddleware']
2020-10-27 13:47:08 [scrapy.middleware] INFO: Enabled item pipelines:
[]
2020-10-27 13:47:08 [scrapy.core.engine] INFO: Spider opened
2020-10-27 13:47:08 [scrapy.extensions.logstats] INFO: Crawled 0 pages (at 0 pages/min), scraped 0 items (at 0 items/min)
2020-10-27 13:47:08 [scrapy.extensions.telnet] INFO: Telnet console listening on 127.0.0.1:6027
2020-10-27 13:47:08 [scrapy.downloadermiddlewares.redirect] DEBUG: Redirecting (301) to <GET https://employment.en-japan.com:443/robots.txt> from <GET http://employment.en-japan.com/robots.txt>
2020-10-27 13:47:13 [scrapy.core.engine] DEBUG: Crawled (200) <GET https://employment.en-japan.com:443/robots.txt> (referer: None)
2020-10-27 13:47:17 [scrapy.downloadermiddlewares.redirect] DEBUG: Redirecting (301) to <GET https://employment.en-japan.com:443/search/search_list/?occupation_back=400000&caroute=0701&occupation=401000_401500_402000_402500_403000_403500_404000_404500_405000_405500_409000/> from <GET http://employment.en-japan.com/search/search_list/?occupation_back=400000&caroute=0701&occupation=401000_401500_402000_402500_403000_403500_404000_404500_405000_405500_409000/>
2020-10-27 13:47:20 [scrapy.core.engine] DEBUG: Crawled (200) <GET https://employment.en-japan.com:443/robots.txt> (referer: None)
2020-10-27 13:47:26 [scrapy.core.engine] DEBUG: Crawled (200) <GET https://employment.en-japan.com:443/search/search_list/?occupation_back=400000&caroute=0701&occupation=401000_401500_402000_402500_403000_403500_404000_404500_405000_405500_409000/> (referer: None)
2020-10-27 13:47:27 [scrapy.core.scraper] DEBUG: Scraped from <200 https://employment.en-japan.com:443/search/search_list/?occupation_back=400000&caroute=0701&occupation=401000_401500_402000_402500_403000_403500_404000_404500_405000_405500_409000/>
{'name': '株式会社アクロビジョン',
 'url': 'https://employment.en-japan.com:443/desc_1032233/?PK=013D31&arearoute=1'}
2020-10-27 13:47:27 [scrapy.core.scraper] DEBUG: Scraped from <200 https://employment.en-japan.com:443/search/search_list/?occupation_back=400000&caroute=0701&occupation=401000_401500_402000_402500_403000_403500_404000_404500_405000_405500_409000/>
{'name': 'ワークスアイディ株式会社（Works ID Co.,Ltd.）',
 'url': 'https://employment.en-japan.com:443/desc_1033046/?PK=013D31&arearoute=1'}
2020-10-27 13:47:27 [scrapy.core.scraper] DEBUG: Scraped from <200 https://employment.en-japan.com:443/search/search_list/?occupation_back=400000&caroute=0701&occupation=401000_401500_402000_402500_403000_403500_404000_404500_405000_405500_409000/>
{'name': '株式会社エスアイイー',
 'url': 'https://employment.en-japan.com:443/desc_1034203/?PK=013D31&arearoute=1'}
2020-10-27 13:47:27 [scrapy.core.scraper] DEBUG: Scraped from <200 https://employment.en-japan.com:443/search/search_list/?occupation_back=400000&caroute=0701&occupation=401000_401500_402000_402500_403000_403500_404000_404500_405000_405500_409000/>
{'name': '株式会社夢テクノロジー',
 'url': 'https://employment.en-japan.com:443/desc_1035996/?PK=013D31&arearoute=1'}
2020-10-27 13:47:27 [scrapy.core.scraper] DEBUG: Scraped from <200 https://employment.en-japan.com:443/search/search_list/?occupation_back=400000&caroute=0701&occupation=401000_401500_402000_402500_403000_403500_404000_404500_405000_405500_409000/>
{'name': '株式会社富士通ゼネラルOSテクノロジー',
 'url': 'https://employment.en-japan.com:443/desc_1037862/?PK=013D31&arearoute=1'}
2020-10-27 13:47:28 [scrapy.core.scraper] DEBUG: Scraped from <200 https://employment.en-japan.com:443/search/search_list/?occupation_back=400000&caroute=0701&occupation=401000_401500_402000_402500_403000_403500_404000_404500_405000_405500_409000/>
{'name': '株式会社スタッフサービス エンジニアリング事業本部（リクルートグループ）',
 'url': 'https://employment.en-japan.com:443/desc_1037936/?PK=013D31&arearoute=1'}
2020-10-27 13:47:28 [scrapy.core.scraper] DEBUG: Scraped from <200 https://employment.en-japan.com:443/search/search_list/?occupation_back=400000&caroute=0701&occupation=401000_401500_402000_402500_403000_403500_404000_404500_405000_405500_409000/>
{'name': '株式会社Branding Engineer（東証マザーズ上場）',
 'url': 'https://employment.en-japan.com:443/desc_1038356/?PK=013D31&arearoute=1'}
2020-10-27 13:47:28 [scrapy.core.scraper] DEBUG: Scraped from <200 https://employment.en-japan.com:443/search/search_list/?occupation_back=400000&caroute=0701&occupation=401000_401500_402000_402500_403000_403500_404000_404500_405000_405500_409000/>
{'name': 'ワークスアイディ株式会社（Works ID Co.,Ltd.）',
 'url': 'https://employment.en-japan.com:443/desc_1039044/?PK=013D31&arearoute=1'}
2020-10-27 13:47:28 [scrapy.core.scraper] DEBUG: Scraped from <200 https://employment.en-japan.com:443/search/search_list/?occupation_back=400000&caroute=0701&occupation=401000_401500_402000_402500_403000_403500_404000_404500_405000_405500_409000/>
{'name': 'ユー・アイ・ソリューションズ株式会社',
 'url': 'https://employment.en-japan.com:443/desc_1039735/?PK=013D31&arearoute=1'}
2020-10-27 13:47:29 [scrapy.core.scraper] DEBUG: Scraped from <200 https://employment.en-japan.com:443/search/search_list/?occupation_back=400000&caroute=0701&occupation=401000_401500_402000_402500_403000_403500_404000_404500_405000_405500_409000/>
{'name': '株式会社CROSS ONE',
 'url': 'https://employment.en-japan.com:443/desc_1026425/?PK=013D31&arearoute=1'}
2020-10-27 13:47:29 [scrapy.core.scraper] DEBUG: Scraped from <200 https://employment.en-japan.com:443/search/search_list/?occupation_back=400000&caroute=0701&occupation=401000_401500_402000_402500_403000_403500_404000_404500_405000_405500_409000/>
{'name': '株式会社新生ビジネスパートナーズ',
 'url': 'https://employment.en-japan.com:443/desc_1028793/?PK=013D31&arearoute=1'}
2020-10-27 13:47:29 [scrapy.core.scraper] DEBUG: Scraped from <200 https://employment.en-japan.com:443/search/search_list/?occupation_back=400000&caroute=0701&occupation=401000_401500_402000_402500_403000_403500_404000_404500_405000_405500_409000/>
{'name': '株式会社C3アドバンステクノロジー',
 'url': 'https://employment.en-japan.com:443/desc_1034133/?PK=013D31&arearoute=1'}
2020-10-27 13:47:29 [scrapy.core.scraper] DEBUG: Scraped from <200 https://employment.en-japan.com:443/search/search_list/?occupation_back=400000&caroute=0701&occupation=401000_401500_402000_402500_403000_403500_404000_404500_405000_405500_409000/>
{'name': 'i.Color株式会社',
 'url': 'https://employment.en-japan.com:443/desc_1036713/?PK=013D31&arearoute=1'}
2020-10-27 13:47:30 [scrapy.core.scraper] DEBUG: Scraped from <200 https://employment.en-japan.com:443/search/search_list/?occupation_back=400000&caroute=0701&occupation=401000_401500_402000_402500_403000_403500_404000_404500_405000_405500_409000/>
{'name': '株式会社ビジネクスト',
 'url': 'https://employment.en-japan.com:443/desc_1036806/?PK=013D31&arearoute=1'}
2020-10-27 13:47:30 [scrapy.core.scraper] DEBUG: Scraped from <200 https://employment.en-japan.com:443/search/search_list/?occupation_back=400000&caroute=0701&occupation=401000_401500_402000_402500_403000_403500_404000_404500_405000_405500_409000/>
{'name': '東海興業株式会社',
 'url': 'https://employment.en-japan.com:443/desc_1038102/?PK=013D31&arearoute=1'}
2020-10-27 13:47:30 [scrapy.core.scraper] DEBUG: Scraped from <200 https://employment.en-japan.com:443/search/search_list/?occupation_back=400000&caroute=0701&occupation=401000_401500_402000_402500_403000_403500_404000_404500_405000_405500_409000/>
{'name': '株式会社アーシャルデザイン',
 'url': 'https://employment.en-japan.com:443/desc_1038131/?PK=013D31&arearoute=1'}
2020-10-27 13:47:30 [scrapy.core.scraper] DEBUG: Scraped from <200 https://employment.en-japan.com:443/search/search_list/?occupation_back=400000&caroute=0701&occupation=401000_401500_402000_402500_403000_403500_404000_404500_405000_405500_409000/>
{'name': 'アドバンステクノロジー株式会社',
 'url': 'https://employment.en-japan.com:443/desc_1038144/?PK=013D31&arearoute=1'}
2020-10-27 13:47:31 [scrapy.core.scraper] DEBUG: Scraped from <200 https://employment.en-japan.com:443/search/search_list/?occupation_back=400000&caroute=0701&occupation=401000_401500_402000_402500_403000_403500_404000_404500_405000_405500_409000/>
{'name': '株式会社リーディ',
 'url': 'https://employment.en-japan.com:443/desc_1038765/?PK=013D31&arearoute=1'}
2020-10-27 13:47:31 [scrapy.core.scraper] DEBUG: Scraped from <200 https://employment.en-japan.com:443/search/search_list/?occupation_back=400000&caroute=0701&occupation=401000_401500_402000_402500_403000_403500_404000_404500_405000_405500_409000/>
{'name': 'AppTime株式会社',
 'url': 'https://employment.en-japan.com:443/desc_1039108/?PK=013D31&arearoute=1'}
2020-10-27 13:47:31 [scrapy.core.scraper] DEBUG: Scraped from <200 https://employment.en-japan.com:443/search/search_list/?occupation_back=400000&caroute=0701&occupation=401000_401500_402000_402500_403000_403500_404000_404500_405000_405500_409000/>
{'name': 'シスネット株式会社',
 'url': 'https://employment.en-japan.com:443/desc_1039116/?PK=013D31&arearoute=1'}
2020-10-27 13:47:31 [scrapy.core.scraper] DEBUG: Scraped from <200 https://employment.en-japan.com:443/search/search_list/?occupation_back=400000&caroute=0701&occupation=401000_401500_402000_402500_403000_403500_404000_404500_405000_405500_409000/>
{'name': '株式会社新都市情報システム',
 'url': 'https://employment.en-japan.com:443/desc_1039277/?PK=013D31&arearoute=1'}
2020-10-27 13:47:31 [scrapy.core.scraper] DEBUG: Scraped from <200 https://employment.en-japan.com:443/search/search_list/?occupation_back=400000&caroute=0701&occupation=401000_401500_402000_402500_403000_403500_404000_404500_405000_405500_409000/>
{'name': '住友化学株式会社（東証一部上場）',
 'url': 'https://employment.en-japan.com:443/desc_1040677/?PK=013D31&arearoute=1'}
2020-10-27 13:47:32 [scrapy.core.scraper] DEBUG: Scraped from <200 https://employment.en-japan.com:443/search/search_list/?occupation_back=400000&caroute=0701&occupation=401000_401500_402000_402500_403000_403500_404000_404500_405000_405500_409000/>
{'name': '株式会社クルーズ',
 'url': 'https://employment.en-japan.com:443/desc_1040747/?PK=013D31&arearoute=1'}
2020-10-27 13:47:32 [scrapy.core.scraper] DEBUG: Scraped from <200 https://employment.en-japan.com:443/search/search_list/?occupation_back=400000&caroute=0701&occupation=401000_401500_402000_402500_403000_403500_404000_404500_405000_405500_409000/>
{'name': '株式会社BTM',
 'url': 'https://employment.en-japan.com:443/desc_1040817/?PK=013D31&arearoute=1'}
2020-10-27 13:47:32 [scrapy.core.scraper] DEBUG: Scraped from <200 https://employment.en-japan.com:443/search/search_list/?occupation_back=400000&caroute=0701&occupation=401000_401500_402000_402500_403000_403500_404000_404500_405000_405500_409000/>
{'name': '株式会社宇部情報システム',
 'url': 'https://employment.en-japan.com:443/desc_1040889/?PK=013D31&arearoute=1'}
2020-10-27 13:47:32 [scrapy.core.scraper] DEBUG: Scraped from <200 https://employment.en-japan.com:443/search/search_list/?occupation_back=400000&caroute=0701&occupation=401000_401500_402000_402500_403000_403500_404000_404500_405000_405500_409000/>
{'name': '株式会社日立ソリューションズ',
 'url': 'https://employment.en-japan.com:443/desc_1040894/?PK=013D31&arearoute=1'}
2020-10-27 13:47:33 [scrapy.core.scraper] DEBUG: Scraped from <200 https://employment.en-japan.com:443/search/search_list/?occupation_back=400000&caroute=0701&occupation=401000_401500_402000_402500_403000_403500_404000_404500_405000_405500_409000/>
{'name': '住化ロジスティクス株式会社',
 'url': 'https://employment.en-japan.com:443/desc_1040914/?PK=013D31&arearoute=1'}
2020-10-27 13:47:33 [scrapy.core.scraper] DEBUG: Scraped from <200 https://employment.en-japan.com:443/search/search_list/?occupation_back=400000&caroute=0701&occupation=401000_401500_402000_402500_403000_403500_404000_404500_405000_405500_409000/>
{'name': '株式会社ビスカス',
 'url': 'https://employment.en-japan.com:443/desc_1041243/?PK=013D31&arearoute=1'}
2020-10-27 13:47:33 [scrapy.core.scraper] DEBUG: Scraped from <200 https://employment.en-japan.com:443/search/search_list/?occupation_back=400000&caroute=0701&occupation=401000_401500_402000_402500_403000_403500_404000_404500_405000_405500_409000/>
{'name': '株式会社ファンコミュニケーションズ（東証一部上場）',
 'url': 'https://employment.en-japan.com:443/desc_1041247/?PK=013D31&arearoute=1'}
2020-10-27 13:47:33 [scrapy.core.scraper] DEBUG: Scraped from <200 https://employment.en-japan.com:443/search/search_list/?occupation_back=400000&caroute=0701&occupation=401000_401500_402000_402500_403000_403500_404000_404500_405000_405500_409000/>
{'name': '佐野器械株式会社',
 'url': 'https://employment.en-japan.com:443/desc_1041263/?PK=013D31&arearoute=1'}
2020-10-27 13:47:34 [scrapy.core.scraper] DEBUG: Scraped from <200 https://employment.en-japan.com:443/search/search_list/?occupation_back=400000&caroute=0701&occupation=401000_401500_402000_402500_403000_403500_404000_404500_405000_405500_409000/>
{'name': '岡田装飾金物株式会社',
 'url': 'https://employment.en-japan.com:443/desc_1041265/?PK=013D31&arearoute=1'}
2020-10-27 13:47:34 [scrapy.core.scraper] DEBUG: Scraped from <200 https://employment.en-japan.com:443/search/search_list/?occupation_back=400000&caroute=0701&occupation=401000_401500_402000_402500_403000_403500_404000_404500_405000_405500_409000/>
{'name': '株式会社サンビット',
 'url': 'https://employment.en-japan.com:443/desc_1041271/?PK=013D31&arearoute=1'}
2020-10-27 13:47:34 [scrapy.core.scraper] DEBUG: Scraped from <200 https://employment.en-japan.com:443/search/search_list/?occupation_back=400000&caroute=0701&occupation=401000_401500_402000_402500_403000_403500_404000_404500_405000_405500_409000/>
{'name': '株式会社ぐるなび（東証一部上場）',
 'url': 'https://employment.en-japan.com:443/desc_1041353/?PK=013D31&arearoute=1'}
2020-10-27 13:47:34 [scrapy.core.scraper] DEBUG: Scraped from <200 https://employment.en-japan.com:443/search/search_list/?occupation_back=400000&caroute=0701&occupation=401000_401500_402000_402500_403000_403500_404000_404500_405000_405500_409000/>
{'name': 'メタルテック株式会社',
 'url': 'https://employment.en-japan.com:443/desc_1041625/?PK=013D31&arearoute=1'}
2020-10-27 13:47:35 [scrapy.core.scraper] DEBUG: Scraped from <200 https://employment.en-japan.com:443/search/search_list/?occupation_back=400000&caroute=0701&occupation=401000_401500_402000_402500_403000_403500_404000_404500_405000_405500_409000/>
{'name': '株式会社フューチャーショップ',
 'url': 'https://employment.en-japan.com:443/desc_1041660/?PK=013D31&arearoute=1'}
2020-10-27 13:47:35 [scrapy.core.scraper] DEBUG: Scraped from <200 https://employment.en-japan.com:443/search/search_list/?occupation_back=400000&caroute=0701&occupation=401000_401500_402000_402500_403000_403500_404000_404500_405000_405500_409000/>
{'name': '株式会社ダイサン（東証二部上場）',
 'url': 'https://employment.en-japan.com:443/desc_1041664/?PK=013D31&arearoute=1'}
2020-10-27 13:47:35 [scrapy.core.scraper] DEBUG: Scraped from <200 https://employment.en-japan.com:443/search/search_list/?occupation_back=400000&caroute=0701&occupation=401000_401500_402000_402500_403000_403500_404000_404500_405000_405500_409000/>
{'name': '株式会社ブルックス',
 'url': 'https://employment.en-japan.com:443/desc_1041669/?PK=013D31&arearoute=1'}
2020-10-27 13:47:35 [scrapy.core.scraper] DEBUG: Scraped from <200 https://employment.en-japan.com:443/search/search_list/?occupation_back=400000&caroute=0701&occupation=401000_401500_402000_402500_403000_403500_404000_404500_405000_405500_409000/>
{'name': '株式会社シノケングループ（東証JASDAQ上場）',
 'url': 'https://employment.en-japan.com:443/desc_1041678/?PK=013D31&arearoute=1'}
2020-10-27 13:47:36 [scrapy.core.scraper] DEBUG: Scraped from <200 https://employment.en-japan.com:443/search/search_list/?occupation_back=400000&caroute=0701&occupation=401000_401500_402000_402500_403000_403500_404000_404500_405000_405500_409000/>
{'name': '株式会社ネクソン（東証一部上場）',
 'url': 'https://employment.en-japan.com:443/desc_1041682/?PK=013D31&arearoute=1'}
2020-10-27 13:47:36 [scrapy.core.scraper] DEBUG: Scraped from <200 https://employment.en-japan.com:443/search/search_list/?occupation_back=400000&caroute=0701&occupation=401000_401500_402000_402500_403000_403500_404000_404500_405000_405500_409000/>
{'name': '株式会社ネクソン（東証一部上場）',
 'url': 'https://employment.en-japan.com:443/desc_1041683/?PK=013D31&arearoute=1'}
2020-10-27 13:47:36 [scrapy.core.scraper] DEBUG: Scraped from <200 https://employment.en-japan.com:443/search/search_list/?occupation_back=400000&caroute=0701&occupation=401000_401500_402000_402500_403000_403500_404000_404500_405000_405500_409000/>
{'name': '株式会社ハイマックス（東証一部上場）',
 'url': 'https://employment.en-japan.com:443/desc_1041685/?PK=013D31&arearoute=1'}
2020-10-27 13:47:36 [scrapy.core.scraper] DEBUG: Scraped from <200 https://employment.en-japan.com:443/search/search_list/?occupation_back=400000&caroute=0701&occupation=401000_401500_402000_402500_403000_403500_404000_404500_405000_405500_409000/>
{'name': '株式会社ハイマックス（東証一部上場）',
 'url': 'https://employment.en-japan.com:443/desc_1041687/?PK=013D31&arearoute=1'}
2020-10-27 13:47:37 [scrapy.core.scraper] DEBUG: Scraped from <200 https://employment.en-japan.com:443/search/search_list/?occupation_back=400000&caroute=0701&occupation=401000_401500_402000_402500_403000_403500_404000_404500_405000_405500_409000/>
{'name': '株式会社ラクス（東証マザーズ上場）',
 'url': 'https://employment.en-japan.com:443/desc_1041692/?PK=013D31&arearoute=1'}
2020-10-27 13:47:37 [scrapy.core.scraper] DEBUG: Scraped from <200 https://employment.en-japan.com:443/search/search_list/?occupation_back=400000&caroute=0701&occupation=401000_401500_402000_402500_403000_403500_404000_404500_405000_405500_409000/>
{'name': '株式会社ラクス（東証マザーズ上場）',
 'url': 'https://employment.en-japan.com:443/desc_1041693/?PK=013D31&arearoute=1'}
2020-10-27 13:47:37 [scrapy.core.scraper] DEBUG: Scraped from <200 https://employment.en-japan.com:443/search/search_list/?occupation_back=400000&caroute=0701&occupation=401000_401500_402000_402500_403000_403500_404000_404500_405000_405500_409000/>
{'name': '株式会社セットアップ',
 'url': 'https://employment.en-japan.com:443/desc_1041703/?PK=013D31&arearoute=1'}
2020-10-27 13:47:37 [scrapy.core.scraper] DEBUG: Scraped from <200 https://employment.en-japan.com:443/search/search_list/?occupation_back=400000&caroute=0701&occupation=401000_401500_402000_402500_403000_403500_404000_404500_405000_405500_409000/>
{'name': '株式会社タイテック',
 'url': 'https://employment.en-japan.com:443/desc_1041704/?PK=013D31&arearoute=1'}
2020-10-27 13:47:38 [scrapy.core.scraper] DEBUG: Scraped from <200 https://employment.en-japan.com:443/search/search_list/?occupation_back=400000&caroute=0701&occupation=401000_401500_402000_402500_403000_403500_404000_404500_405000_405500_409000/>
{'name': '株式会社サイバーセキュリティクラウド（東証マザーズ上場）',
 'url': 'https://employment.en-japan.com:443/desc_1041705/?PK=013D31&arearoute=1'}
2020-10-27 13:47:38 [scrapy.core.scraper] DEBUG: Scraped from <200 https://employment.en-japan.com:443/search/search_list/?occupation_back=400000&caroute=0701&occupation=401000_401500_402000_402500_403000_403500_404000_404500_405000_405500_409000/>
{'name': '株式会社パートナー',
 'url': 'https://employment.en-japan.com:443/desc_1041707/?PK=013D31&arearoute=1'}
2020-10-27 13:47:38 [scrapy.core.scraper] DEBUG: Scraped from <200 https://employment.en-japan.com:443/search/search_list/?occupation_back=400000&caroute=0701&occupation=401000_401500_402000_402500_403000_403500_404000_404500_405000_405500_409000/>
{'name': '株式会社テラスカイ（東証一部上場）',
 'url': 'https://employment.en-japan.com:443/desc_1041708/?PK=013D31&arearoute=1'}
2020-10-27 13:47:38 [scrapy.core.scraper] ERROR: Spider error processing <GET https://employment.en-japan.com:443/search/search_list/?occupation_back=400000&caroute=0701&occupation=401000_401500_402000_402500_403000_403500_404000_404500_405000_405500_409000/> (referer: None)
Traceback (most recent call last):
  File "/Users/ryoto/.local/share/virtualenvs/Information-gathering-system-MN1MtG5X/lib/python3.7/site-packages/scrapy/utils/defer.py", line 120, in iter_errback
    yield next(it)
  File "/Users/ryoto/.local/share/virtualenvs/Information-gathering-system-MN1MtG5X/lib/python3.7/site-packages/scrapy/utils/python.py", line 353, in __next__
    return next(self.data)
  File "/Users/ryoto/.local/share/virtualenvs/Information-gathering-system-MN1MtG5X/lib/python3.7/site-packages/scrapy/utils/python.py", line 353, in __next__
    return next(self.data)
  File "/Users/ryoto/.local/share/virtualenvs/Information-gathering-system-MN1MtG5X/lib/python3.7/site-packages/scrapy/core/spidermw.py", line 62, in _evaluate_iterable
    for r in iterable:
  File "/Users/ryoto/.local/share/virtualenvs/Information-gathering-system-MN1MtG5X/lib/python3.7/site-packages/scrapy/spidermiddlewares/offsite.py", line 29, in process_spider_output
    for x in result:
  File "/Users/ryoto/.local/share/virtualenvs/Information-gathering-system-MN1MtG5X/lib/python3.7/site-packages/scrapy/core/spidermw.py", line 62, in _evaluate_iterable
    for r in iterable:
  File "/Users/ryoto/.local/share/virtualenvs/Information-gathering-system-MN1MtG5X/lib/python3.7/site-packages/scrapy/spidermiddlewares/referer.py", line 340, in <genexpr>
    return (_set_referer(r) for r in result or ())
  File "/Users/ryoto/.local/share/virtualenvs/Information-gathering-system-MN1MtG5X/lib/python3.7/site-packages/scrapy/core/spidermw.py", line 62, in _evaluate_iterable
    for r in iterable:
  File "/Users/ryoto/.local/share/virtualenvs/Information-gathering-system-MN1MtG5X/lib/python3.7/site-packages/scrapy/spidermiddlewares/urllength.py", line 37, in <genexpr>
    return (r for r in result or () if _filter(r))
  File "/Users/ryoto/.local/share/virtualenvs/Information-gathering-system-MN1MtG5X/lib/python3.7/site-packages/scrapy/core/spidermw.py", line 62, in _evaluate_iterable
    for r in iterable:
  File "/Users/ryoto/.local/share/virtualenvs/Information-gathering-system-MN1MtG5X/lib/python3.7/site-packages/scrapy/spidermiddlewares/depth.py", line 58, in <genexpr>
    return (r for r in result or () if _filter(r))
  File "/Users/ryoto/.local/share/virtualenvs/Information-gathering-system-MN1MtG5X/lib/python3.7/site-packages/scrapy/core/spidermw.py", line 62, in _evaluate_iterable
    for r in iterable:
  File "/Users/ryoto/Development/Hers/Information-gathering-system/scrapy_project/scrapy_project/spiders/spider.py", line 12, in parse
    data = response.xpath('//*[@class="jobSearchListLeftArea"]/*[@class="list"]')[count].get()
  File "/Users/ryoto/.local/share/virtualenvs/Information-gathering-system-MN1MtG5X/lib/python3.7/site-packages/parsel/selector.py", line 70, in __getitem__
    o = super(SelectorList, self).__getitem__(pos)
IndexError: list index out of range
2020-10-27 13:47:38 [scrapy.core.engine] INFO: Closing spider (finished)
2020-10-27 13:47:38 [scrapy.extensions.feedexport] INFO: Stored csv feed (49 items) in: data.csv
2020-10-27 13:47:38 [scrapy.statscollectors] INFO: Dumping Scrapy stats:
{'downloader/request_bytes': 2130,
 'downloader/request_count': 5,
 'downloader/request_method_count/GET': 5,
 'downloader/response_bytes': 113584,
 'downloader/response_count': 5,
 'downloader/response_status_count/200': 3,
 'downloader/response_status_count/301': 2,
 'elapsed_time_seconds': 29.942292,
 'finish_reason': 'finished',
 'finish_time': datetime.datetime(2020, 10, 27, 4, 47, 38, 548413),
 'item_scraped_count': 49,
 'log_count/DEBUG': 54,
 'log_count/ERROR': 1,
 'log_count/INFO': 11,
 'memusage/max': 51896320,
 'memusage/startup': 51896320,
 'response_received_count': 3,
 'robotstxt/request_count': 2,
 'robotstxt/response_count': 2,
 'robotstxt/response_status_count/200': 2,
 'scheduler/dequeued': 2,
 'scheduler/dequeued/memory': 2,
 'scheduler/enqueued': 2,
 'scheduler/enqueued/memory': 2,
 'spider_exceptions/IndexError': 1,
 'start_time': datetime.datetime(2020, 10, 27, 4, 47, 8, 606121)}
2020-10-27 13:47:38 [scrapy.core.engine] INFO: Spider closed (finished)
2020-10-27 13:49:05 [scrapy.utils.log] INFO: Scrapy 2.4.0 started (bot: scrapy_project)
2020-10-27 13:49:05 [scrapy.utils.log] INFO: Versions: lxml 4.6.1.0, libxml2 2.9.10, cssselect 1.1.0, parsel 1.6.0, w3lib 1.22.0, Twisted 20.3.0, Python 3.7.9 (default, Oct 26 2020, 15:26:04) - [Clang 12.0.0 (clang-1200.0.32.21)], pyOpenSSL 19.1.0 (OpenSSL 1.1.1h  22 Sep 2020), cryptography 3.2, Platform Darwin-19.6.0-x86_64-i386-64bit
2020-10-27 13:49:05 [scrapy.utils.log] DEBUG: Using reactor: twisted.internet.selectreactor.SelectReactor
2020-10-27 13:49:05 [scrapy.crawler] INFO: Overridden settings:
{'BOT_NAME': 'scrapy_project',
 'DOWNLOAD_DELAY': 3,
 'HTTPCACHE_ENABLED': True,
 'LOG_FILE': 'index.log',
 'NEWSPIDER_MODULE': 'scrapy_project.spiders',
 'ROBOTSTXT_OBEY': True,
 'SPIDER_MODULES': ['scrapy_project.spiders']}
2020-10-27 13:49:05 [scrapy.extensions.telnet] INFO: Telnet Password: aecf9a211e2553c8
2020-10-27 13:49:05 [scrapy.middleware] INFO: Enabled extensions:
['scrapy.extensions.corestats.CoreStats',
 'scrapy.extensions.telnet.TelnetConsole',
 'scrapy.extensions.memusage.MemoryUsage',
 'scrapy.extensions.feedexport.FeedExporter',
 'scrapy.extensions.logstats.LogStats']
2020-10-27 13:49:05 [scrapy.middleware] INFO: Enabled downloader middlewares:
['scrapy.downloadermiddlewares.robotstxt.RobotsTxtMiddleware',
 'scrapy.downloadermiddlewares.httpauth.HttpAuthMiddleware',
 'scrapy.downloadermiddlewares.downloadtimeout.DownloadTimeoutMiddleware',
 'scrapy.downloadermiddlewares.defaultheaders.DefaultHeadersMiddleware',
 'scrapy.downloadermiddlewares.useragent.UserAgentMiddleware',
 'scrapy.downloadermiddlewares.retry.RetryMiddleware',
 'scrapy.downloadermiddlewares.redirect.MetaRefreshMiddleware',
 'scrapy.downloadermiddlewares.httpcompression.HttpCompressionMiddleware',
 'scrapy.downloadermiddlewares.redirect.RedirectMiddleware',
 'scrapy.downloadermiddlewares.cookies.CookiesMiddleware',
 'scrapy.downloadermiddlewares.httpproxy.HttpProxyMiddleware',
 'scrapy.downloadermiddlewares.stats.DownloaderStats',
 'scrapy.downloadermiddlewares.httpcache.HttpCacheMiddleware']
2020-10-27 13:49:05 [scrapy.middleware] INFO: Enabled spider middlewares:
['scrapy.spidermiddlewares.httperror.HttpErrorMiddleware',
 'scrapy.spidermiddlewares.offsite.OffsiteMiddleware',
 'scrapy.spidermiddlewares.referer.RefererMiddleware',
 'scrapy.spidermiddlewares.urllength.UrlLengthMiddleware',
 'scrapy.spidermiddlewares.depth.DepthMiddleware']
2020-10-27 13:49:05 [scrapy.middleware] INFO: Enabled item pipelines:
[]
2020-10-27 13:49:05 [scrapy.core.engine] INFO: Spider opened
2020-10-27 13:49:05 [scrapy.extensions.logstats] INFO: Crawled 0 pages (at 0 pages/min), scraped 0 items (at 0 items/min)
2020-10-27 13:49:05 [scrapy.extensions.httpcache] DEBUG: Using filesystem cache storage in /Users/ryoto/Development/Hers/Information-gathering-system/scrapy_project/.scrapy/httpcache
2020-10-27 13:49:05 [scrapy.extensions.telnet] INFO: Telnet console listening on 127.0.0.1:6027
2020-10-27 13:49:05 [scrapy.downloadermiddlewares.redirect] DEBUG: Redirecting (301) to <GET https://employment.en-japan.com:443/robots.txt> from <GET http://employment.en-japan.com/robots.txt>
2020-10-27 13:49:05 [scrapy.core.engine] DEBUG: Crawled (200) <GET https://employment.en-japan.com:443/robots.txt> (referer: None) ['cached']
2020-10-27 13:49:05 [scrapy.downloadermiddlewares.redirect] DEBUG: Redirecting (301) to <GET https://employment.en-japan.com:443/search/search_list/?occupation_back=400000&caroute=0701&occupation=401000_401500_402000_402500_403000_403500_404000_404500_405000_405500_409000/> from <GET http://employment.en-japan.com/search/search_list/?occupation_back=400000&caroute=0701&occupation=401000_401500_402000_402500_403000_403500_404000_404500_405000_405500_409000/>
2020-10-27 13:49:05 [scrapy.core.engine] DEBUG: Crawled (200) <GET https://employment.en-japan.com:443/robots.txt> (referer: None) ['cached']
2020-10-27 13:49:05 [scrapy.core.engine] DEBUG: Crawled (200) <GET https://employment.en-japan.com:443/search/search_list/?occupation_back=400000&caroute=0701&occupation=401000_401500_402000_402500_403000_403500_404000_404500_405000_405500_409000/> (referer: None) ['cached']
2020-10-27 13:49:06 [scrapy.core.scraper] DEBUG: Scraped from <200 https://employment.en-japan.com:443/search/search_list/?occupation_back=400000&caroute=0701&occupation=401000_401500_402000_402500_403000_403500_404000_404500_405000_405500_409000/>
{'a_url': 'https://employment.en-japan.com:443/desc_1032233/?PK=1273ED&arearoute=1',
 'name': '株式会社アクロビジョン',
 'url': None}
2020-10-27 13:49:06 [scrapy.core.scraper] DEBUG: Scraped from <200 https://employment.en-japan.com:443/search/search_list/?occupation_back=400000&caroute=0701&occupation=401000_401500_402000_402500_403000_403500_404000_404500_405000_405500_409000/>
{'a_url': 'https://employment.en-japan.com:443/desc_1033046/?PK=1273ED&arearoute=1',
 'name': 'ワークスアイディ株式会社（Works ID Co.,Ltd.）',
 'url': None}
2020-10-27 13:49:06 [scrapy.core.scraper] DEBUG: Scraped from <200 https://employment.en-japan.com:443/search/search_list/?occupation_back=400000&caroute=0701&occupation=401000_401500_402000_402500_403000_403500_404000_404500_405000_405500_409000/>
{'a_url': 'https://employment.en-japan.com:443/desc_1034203/?PK=1273ED&arearoute=1',
 'name': '株式会社エスアイイー',
 'url': None}
2020-10-27 13:49:06 [scrapy.core.scraper] DEBUG: Scraped from <200 https://employment.en-japan.com:443/search/search_list/?occupation_back=400000&caroute=0701&occupation=401000_401500_402000_402500_403000_403500_404000_404500_405000_405500_409000/>
{'a_url': 'https://employment.en-japan.com:443/desc_1035996/?PK=1273ED&arearoute=1',
 'name': '株式会社夢テクノロジー',
 'url': None}
2020-10-27 13:49:06 [scrapy.core.scraper] DEBUG: Scraped from <200 https://employment.en-japan.com:443/search/search_list/?occupation_back=400000&caroute=0701&occupation=401000_401500_402000_402500_403000_403500_404000_404500_405000_405500_409000/>
{'a_url': 'https://employment.en-japan.com:443/desc_1037862/?PK=1273ED&arearoute=1',
 'name': '株式会社富士通ゼネラルOSテクノロジー',
 'url': None}
2020-10-27 13:49:07 [scrapy.core.scraper] DEBUG: Scraped from <200 https://employment.en-japan.com:443/search/search_list/?occupation_back=400000&caroute=0701&occupation=401000_401500_402000_402500_403000_403500_404000_404500_405000_405500_409000/>
{'a_url': 'https://employment.en-japan.com:443/desc_1037936/?PK=1273ED&arearoute=1',
 'name': '株式会社スタッフサービス エンジニアリング事業本部（リクルートグループ）',
 'url': None}
2020-10-27 13:49:07 [scrapy.core.scraper] DEBUG: Scraped from <200 https://employment.en-japan.com:443/search/search_list/?occupation_back=400000&caroute=0701&occupation=401000_401500_402000_402500_403000_403500_404000_404500_405000_405500_409000/>
{'a_url': 'https://employment.en-japan.com:443/desc_1038356/?PK=1273ED&arearoute=1',
 'name': '株式会社Branding Engineer（東証マザーズ上場）',
 'url': None}
2020-10-27 13:49:07 [scrapy.core.scraper] DEBUG: Scraped from <200 https://employment.en-japan.com:443/search/search_list/?occupation_back=400000&caroute=0701&occupation=401000_401500_402000_402500_403000_403500_404000_404500_405000_405500_409000/>
{'a_url': 'https://employment.en-japan.com:443/desc_1039044/?PK=1273ED&arearoute=1',
 'name': 'ワークスアイディ株式会社（Works ID Co.,Ltd.）',
 'url': None}
2020-10-27 13:49:07 [scrapy.core.scraper] DEBUG: Scraped from <200 https://employment.en-japan.com:443/search/search_list/?occupation_back=400000&caroute=0701&occupation=401000_401500_402000_402500_403000_403500_404000_404500_405000_405500_409000/>
{'a_url': 'https://employment.en-japan.com:443/desc_1039735/?PK=1273ED&arearoute=1',
 'name': 'ユー・アイ・ソリューションズ株式会社',
 'url': None}
2020-10-27 13:49:08 [scrapy.core.scraper] DEBUG: Scraped from <200 https://employment.en-japan.com:443/search/search_list/?occupation_back=400000&caroute=0701&occupation=401000_401500_402000_402500_403000_403500_404000_404500_405000_405500_409000/>
{'a_url': 'https://employment.en-japan.com:443/desc_1026425/?PK=1273ED&arearoute=1',
 'name': '株式会社CROSS ONE',
 'url': None}
2020-10-27 13:49:08 [scrapy.core.scraper] DEBUG: Scraped from <200 https://employment.en-japan.com:443/search/search_list/?occupation_back=400000&caroute=0701&occupation=401000_401500_402000_402500_403000_403500_404000_404500_405000_405500_409000/>
{'a_url': 'https://employment.en-japan.com:443/desc_1028793/?PK=1273ED&arearoute=1',
 'name': '株式会社新生ビジネスパートナーズ',
 'url': None}
2020-10-27 13:49:08 [scrapy.core.scraper] DEBUG: Scraped from <200 https://employment.en-japan.com:443/search/search_list/?occupation_back=400000&caroute=0701&occupation=401000_401500_402000_402500_403000_403500_404000_404500_405000_405500_409000/>
{'a_url': 'https://employment.en-japan.com:443/desc_1034133/?PK=1273ED&arearoute=1',
 'name': '株式会社C3アドバンステクノロジー',
 'url': None}
2020-10-27 13:49:08 [scrapy.core.scraper] DEBUG: Scraped from <200 https://employment.en-japan.com:443/search/search_list/?occupation_back=400000&caroute=0701&occupation=401000_401500_402000_402500_403000_403500_404000_404500_405000_405500_409000/>
{'a_url': 'https://employment.en-japan.com:443/desc_1036713/?PK=1273ED&arearoute=1',
 'name': 'i.Color株式会社',
 'url': None}
2020-10-27 13:49:08 [scrapy.core.scraper] DEBUG: Scraped from <200 https://employment.en-japan.com:443/search/search_list/?occupation_back=400000&caroute=0701&occupation=401000_401500_402000_402500_403000_403500_404000_404500_405000_405500_409000/>
{'a_url': 'https://employment.en-japan.com:443/desc_1036806/?PK=1273ED&arearoute=1',
 'name': '株式会社ビジネクスト',
 'url': None}
2020-10-27 13:49:09 [scrapy.core.scraper] DEBUG: Scraped from <200 https://employment.en-japan.com:443/search/search_list/?occupation_back=400000&caroute=0701&occupation=401000_401500_402000_402500_403000_403500_404000_404500_405000_405500_409000/>
{'a_url': 'https://employment.en-japan.com:443/desc_1038102/?PK=1273ED&arearoute=1',
 'name': '東海興業株式会社',
 'url': None}
2020-10-27 13:49:09 [scrapy.core.scraper] DEBUG: Scraped from <200 https://employment.en-japan.com:443/search/search_list/?occupation_back=400000&caroute=0701&occupation=401000_401500_402000_402500_403000_403500_404000_404500_405000_405500_409000/>
{'a_url': 'https://employment.en-japan.com:443/desc_1038131/?PK=1273ED&arearoute=1',
 'name': '株式会社アーシャルデザイン',
 'url': None}
2020-10-27 13:49:09 [scrapy.core.scraper] DEBUG: Scraped from <200 https://employment.en-japan.com:443/search/search_list/?occupation_back=400000&caroute=0701&occupation=401000_401500_402000_402500_403000_403500_404000_404500_405000_405500_409000/>
{'a_url': 'https://employment.en-japan.com:443/desc_1038144/?PK=1273ED&arearoute=1',
 'name': 'アドバンステクノロジー株式会社',
 'url': None}
2020-10-27 13:49:09 [scrapy.core.scraper] DEBUG: Scraped from <200 https://employment.en-japan.com:443/search/search_list/?occupation_back=400000&caroute=0701&occupation=401000_401500_402000_402500_403000_403500_404000_404500_405000_405500_409000/>
{'a_url': 'https://employment.en-japan.com:443/desc_1038765/?PK=1273ED&arearoute=1',
 'name': '株式会社リーディ',
 'url': None}
2020-10-27 13:49:10 [scrapy.core.scraper] DEBUG: Scraped from <200 https://employment.en-japan.com:443/search/search_list/?occupation_back=400000&caroute=0701&occupation=401000_401500_402000_402500_403000_403500_404000_404500_405000_405500_409000/>
{'a_url': 'https://employment.en-japan.com:443/desc_1039108/?PK=1273ED&arearoute=1',
 'name': 'AppTime株式会社',
 'url': None}
2020-10-27 13:49:10 [scrapy.core.scraper] DEBUG: Scraped from <200 https://employment.en-japan.com:443/search/search_list/?occupation_back=400000&caroute=0701&occupation=401000_401500_402000_402500_403000_403500_404000_404500_405000_405500_409000/>
{'a_url': 'https://employment.en-japan.com:443/desc_1039116/?PK=1273ED&arearoute=1',
 'name': 'シスネット株式会社',
 'url': None}
2020-10-27 13:49:10 [scrapy.core.scraper] DEBUG: Scraped from <200 https://employment.en-japan.com:443/search/search_list/?occupation_back=400000&caroute=0701&occupation=401000_401500_402000_402500_403000_403500_404000_404500_405000_405500_409000/>
{'a_url': 'https://employment.en-japan.com:443/desc_1039277/?PK=1273ED&arearoute=1',
 'name': '株式会社新都市情報システム',
 'url': None}
2020-10-27 13:49:17 [scrapy.utils.log] INFO: Scrapy 2.4.0 started (bot: scrapy_project)
2020-10-27 13:49:17 [scrapy.utils.log] INFO: Versions: lxml 4.6.1.0, libxml2 2.9.10, cssselect 1.1.0, parsel 1.6.0, w3lib 1.22.0, Twisted 20.3.0, Python 3.7.9 (default, Oct 26 2020, 15:26:04) - [Clang 12.0.0 (clang-1200.0.32.21)], pyOpenSSL 19.1.0 (OpenSSL 1.1.1h  22 Sep 2020), cryptography 3.2, Platform Darwin-19.6.0-x86_64-i386-64bit
2020-10-27 13:49:17 [scrapy.utils.log] DEBUG: Using reactor: twisted.internet.selectreactor.SelectReactor
2020-10-27 13:49:17 [scrapy.crawler] INFO: Overridden settings:
{'BOT_NAME': 'scrapy_project',
 'DOWNLOAD_DELAY': 3,
 'HTTPCACHE_ENABLED': True,
 'LOG_FILE': 'index.log',
 'NEWSPIDER_MODULE': 'scrapy_project.spiders',
 'ROBOTSTXT_OBEY': True,
 'SPIDER_MODULES': ['scrapy_project.spiders']}
2020-10-27 13:49:17 [scrapy.extensions.telnet] INFO: Telnet Password: 9c7828732c78d86d
2020-10-27 13:49:17 [scrapy.middleware] INFO: Enabled extensions:
['scrapy.extensions.corestats.CoreStats',
 'scrapy.extensions.telnet.TelnetConsole',
 'scrapy.extensions.memusage.MemoryUsage',
 'scrapy.extensions.feedexport.FeedExporter',
 'scrapy.extensions.logstats.LogStats']
2020-10-27 13:49:17 [scrapy.middleware] INFO: Enabled downloader middlewares:
['scrapy.downloadermiddlewares.robotstxt.RobotsTxtMiddleware',
 'scrapy.downloadermiddlewares.httpauth.HttpAuthMiddleware',
 'scrapy.downloadermiddlewares.downloadtimeout.DownloadTimeoutMiddleware',
 'scrapy.downloadermiddlewares.defaultheaders.DefaultHeadersMiddleware',
 'scrapy.downloadermiddlewares.useragent.UserAgentMiddleware',
 'scrapy.downloadermiddlewares.retry.RetryMiddleware',
 'scrapy.downloadermiddlewares.redirect.MetaRefreshMiddleware',
 'scrapy.downloadermiddlewares.httpcompression.HttpCompressionMiddleware',
 'scrapy.downloadermiddlewares.redirect.RedirectMiddleware',
 'scrapy.downloadermiddlewares.cookies.CookiesMiddleware',
 'scrapy.downloadermiddlewares.httpproxy.HttpProxyMiddleware',
 'scrapy.downloadermiddlewares.stats.DownloaderStats',
 'scrapy.downloadermiddlewares.httpcache.HttpCacheMiddleware']
2020-10-27 13:49:17 [scrapy.middleware] INFO: Enabled spider middlewares:
['scrapy.spidermiddlewares.httperror.HttpErrorMiddleware',
 'scrapy.spidermiddlewares.offsite.OffsiteMiddleware',
 'scrapy.spidermiddlewares.referer.RefererMiddleware',
 'scrapy.spidermiddlewares.urllength.UrlLengthMiddleware',
 'scrapy.spidermiddlewares.depth.DepthMiddleware']
2020-10-27 13:49:17 [scrapy.middleware] INFO: Enabled item pipelines:
[]
2020-10-27 13:49:17 [scrapy.core.engine] INFO: Spider opened
2020-10-27 13:49:17 [scrapy.extensions.logstats] INFO: Crawled 0 pages (at 0 pages/min), scraped 0 items (at 0 items/min)
2020-10-27 13:49:17 [scrapy.extensions.httpcache] DEBUG: Using filesystem cache storage in /Users/ryoto/Development/Hers/Information-gathering-system/scrapy_project/.scrapy/httpcache
2020-10-27 13:49:17 [scrapy.extensions.telnet] INFO: Telnet console listening on 127.0.0.1:6028
2020-10-27 13:49:17 [scrapy.downloadermiddlewares.redirect] DEBUG: Redirecting (301) to <GET https://employment.en-japan.com:443/robots.txt> from <GET http://employment.en-japan.com/robots.txt>
2020-10-27 13:49:17 [scrapy.core.engine] DEBUG: Crawled (200) <GET https://employment.en-japan.com:443/robots.txt> (referer: None) ['cached']
2020-10-27 13:49:17 [scrapy.downloadermiddlewares.redirect] DEBUG: Redirecting (301) to <GET https://employment.en-japan.com:443/search/search_list/?occupation_back=400000&caroute=0701&occupation=401000_401500_402000_402500_403000_403500_404000_404500_405000_405500_409000/> from <GET http://employment.en-japan.com/search/search_list/?occupation_back=400000&caroute=0701&occupation=401000_401500_402000_402500_403000_403500_404000_404500_405000_405500_409000/>
2020-10-27 13:49:17 [scrapy.core.engine] DEBUG: Crawled (200) <GET https://employment.en-japan.com:443/robots.txt> (referer: None) ['cached']
2020-10-27 13:49:17 [scrapy.core.engine] DEBUG: Crawled (200) <GET https://employment.en-japan.com:443/search/search_list/?occupation_back=400000&caroute=0701&occupation=401000_401500_402000_402500_403000_403500_404000_404500_405000_405500_409000/> (referer: None) ['cached']
2020-10-27 13:49:17 [scrapy.core.scraper] DEBUG: Scraped from <200 https://employment.en-japan.com:443/search/search_list/?occupation_back=400000&caroute=0701&occupation=401000_401500_402000_402500_403000_403500_404000_404500_405000_405500_409000/>
{'a_url': 'https://employment.en-japan.com:443/desc_1032233/?PK=1273ED&arearoute=1',
 'name': '株式会社アクロビジョン',
 'url': None}
2020-10-27 13:49:17 [scrapy.core.scraper] DEBUG: Scraped from <200 https://employment.en-japan.com:443/search/search_list/?occupation_back=400000&caroute=0701&occupation=401000_401500_402000_402500_403000_403500_404000_404500_405000_405500_409000/>
{'a_url': 'https://employment.en-japan.com:443/desc_1033046/?PK=1273ED&arearoute=1',
 'name': 'ワークスアイディ株式会社（Works ID Co.,Ltd.）',
 'url': None}
2020-10-27 13:49:17 [scrapy.core.scraper] DEBUG: Scraped from <200 https://employment.en-japan.com:443/search/search_list/?occupation_back=400000&caroute=0701&occupation=401000_401500_402000_402500_403000_403500_404000_404500_405000_405500_409000/>
{'a_url': 'https://employment.en-japan.com:443/desc_1034203/?PK=1273ED&arearoute=1',
 'name': '株式会社エスアイイー',
 'url': None}
2020-10-27 13:49:18 [scrapy.core.scraper] DEBUG: Scraped from <200 https://employment.en-japan.com:443/search/search_list/?occupation_back=400000&caroute=0701&occupation=401000_401500_402000_402500_403000_403500_404000_404500_405000_405500_409000/>
{'a_url': 'https://employment.en-japan.com:443/desc_1035996/?PK=1273ED&arearoute=1',
 'name': '株式会社夢テクノロジー',
 'url': None}
2020-10-27 13:49:18 [scrapy.core.scraper] DEBUG: Scraped from <200 https://employment.en-japan.com:443/search/search_list/?occupation_back=400000&caroute=0701&occupation=401000_401500_402000_402500_403000_403500_404000_404500_405000_405500_409000/>
{'a_url': 'https://employment.en-japan.com:443/desc_1037862/?PK=1273ED&arearoute=1',
 'name': '株式会社富士通ゼネラルOSテクノロジー',
 'url': None}
2020-10-27 13:49:18 [scrapy.core.scraper] DEBUG: Scraped from <200 https://employment.en-japan.com:443/search/search_list/?occupation_back=400000&caroute=0701&occupation=401000_401500_402000_402500_403000_403500_404000_404500_405000_405500_409000/>
{'a_url': 'https://employment.en-japan.com:443/desc_1037936/?PK=1273ED&arearoute=1',
 'name': '株式会社スタッフサービス エンジニアリング事業本部（リクルートグループ）',
 'url': None}
2020-10-27 13:49:18 [scrapy.core.scraper] DEBUG: Scraped from <200 https://employment.en-japan.com:443/search/search_list/?occupation_back=400000&caroute=0701&occupation=401000_401500_402000_402500_403000_403500_404000_404500_405000_405500_409000/>
{'a_url': 'https://employment.en-japan.com:443/desc_1038356/?PK=1273ED&arearoute=1',
 'name': '株式会社Branding Engineer（東証マザーズ上場）',
 'url': None}
2020-10-27 13:49:19 [scrapy.core.scraper] DEBUG: Scraped from <200 https://employment.en-japan.com:443/search/search_list/?occupation_back=400000&caroute=0701&occupation=401000_401500_402000_402500_403000_403500_404000_404500_405000_405500_409000/>
{'a_url': 'https://employment.en-japan.com:443/desc_1039044/?PK=1273ED&arearoute=1',
 'name': 'ワークスアイディ株式会社（Works ID Co.,Ltd.）',
 'url': None}
2020-10-27 13:49:19 [scrapy.core.scraper] DEBUG: Scraped from <200 https://employment.en-japan.com:443/search/search_list/?occupation_back=400000&caroute=0701&occupation=401000_401500_402000_402500_403000_403500_404000_404500_405000_405500_409000/>
{'a_url': 'https://employment.en-japan.com:443/desc_1039735/?PK=1273ED&arearoute=1',
 'name': 'ユー・アイ・ソリューションズ株式会社',
 'url': None}
2020-10-27 13:49:19 [scrapy.core.scraper] DEBUG: Scraped from <200 https://employment.en-japan.com:443/search/search_list/?occupation_back=400000&caroute=0701&occupation=401000_401500_402000_402500_403000_403500_404000_404500_405000_405500_409000/>
{'a_url': 'https://employment.en-japan.com:443/desc_1026425/?PK=1273ED&arearoute=1',
 'name': '株式会社CROSS ONE',
 'url': None}
2020-10-27 13:49:19 [scrapy.core.scraper] DEBUG: Scraped from <200 https://employment.en-japan.com:443/search/search_list/?occupation_back=400000&caroute=0701&occupation=401000_401500_402000_402500_403000_403500_404000_404500_405000_405500_409000/>
{'a_url': 'https://employment.en-japan.com:443/desc_1028793/?PK=1273ED&arearoute=1',
 'name': '株式会社新生ビジネスパートナーズ',
 'url': None}
2020-10-27 13:49:20 [scrapy.core.scraper] DEBUG: Scraped from <200 https://employment.en-japan.com:443/search/search_list/?occupation_back=400000&caroute=0701&occupation=401000_401500_402000_402500_403000_403500_404000_404500_405000_405500_409000/>
{'a_url': 'https://employment.en-japan.com:443/desc_1034133/?PK=1273ED&arearoute=1',
 'name': '株式会社C3アドバンステクノロジー',
 'url': None}
2020-10-27 13:49:20 [scrapy.core.scraper] DEBUG: Scraped from <200 https://employment.en-japan.com:443/search/search_list/?occupation_back=400000&caroute=0701&occupation=401000_401500_402000_402500_403000_403500_404000_404500_405000_405500_409000/>
{'a_url': 'https://employment.en-japan.com:443/desc_1036713/?PK=1273ED&arearoute=1',
 'name': 'i.Color株式会社',
 'url': None}
2020-10-27 13:49:20 [scrapy.core.scraper] DEBUG: Scraped from <200 https://employment.en-japan.com:443/search/search_list/?occupation_back=400000&caroute=0701&occupation=401000_401500_402000_402500_403000_403500_404000_404500_405000_405500_409000/>
{'a_url': 'https://employment.en-japan.com:443/desc_1036806/?PK=1273ED&arearoute=1',
 'name': '株式会社ビジネクスト',
 'url': None}
2020-10-27 13:49:20 [scrapy.core.scraper] DEBUG: Scraped from <200 https://employment.en-japan.com:443/search/search_list/?occupation_back=400000&caroute=0701&occupation=401000_401500_402000_402500_403000_403500_404000_404500_405000_405500_409000/>
{'a_url': 'https://employment.en-japan.com:443/desc_1038102/?PK=1273ED&arearoute=1',
 'name': '東海興業株式会社',
 'url': None}
2020-10-27 13:49:21 [scrapy.core.scraper] DEBUG: Scraped from <200 https://employment.en-japan.com:443/search/search_list/?occupation_back=400000&caroute=0701&occupation=401000_401500_402000_402500_403000_403500_404000_404500_405000_405500_409000/>
{'a_url': 'https://employment.en-japan.com:443/desc_1038131/?PK=1273ED&arearoute=1',
 'name': '株式会社アーシャルデザイン',
 'url': None}
2020-10-27 13:49:21 [scrapy.core.scraper] DEBUG: Scraped from <200 https://employment.en-japan.com:443/search/search_list/?occupation_back=400000&caroute=0701&occupation=401000_401500_402000_402500_403000_403500_404000_404500_405000_405500_409000/>
{'a_url': 'https://employment.en-japan.com:443/desc_1038144/?PK=1273ED&arearoute=1',
 'name': 'アドバンステクノロジー株式会社',
 'url': None}
2020-10-27 13:49:21 [scrapy.core.scraper] DEBUG: Scraped from <200 https://employment.en-japan.com:443/search/search_list/?occupation_back=400000&caroute=0701&occupation=401000_401500_402000_402500_403000_403500_404000_404500_405000_405500_409000/>
{'a_url': 'https://employment.en-japan.com:443/desc_1038765/?PK=1273ED&arearoute=1',
 'name': '株式会社リーディ',
 'url': None}
2020-10-27 13:49:21 [scrapy.core.scraper] DEBUG: Scraped from <200 https://employment.en-japan.com:443/search/search_list/?occupation_back=400000&caroute=0701&occupation=401000_401500_402000_402500_403000_403500_404000_404500_405000_405500_409000/>
{'a_url': 'https://employment.en-japan.com:443/desc_1039108/?PK=1273ED&arearoute=1',
 'name': 'AppTime株式会社',
 'url': None}
2020-10-27 13:49:22 [scrapy.core.scraper] DEBUG: Scraped from <200 https://employment.en-japan.com:443/search/search_list/?occupation_back=400000&caroute=0701&occupation=401000_401500_402000_402500_403000_403500_404000_404500_405000_405500_409000/>
{'a_url': 'https://employment.en-japan.com:443/desc_1039116/?PK=1273ED&arearoute=1',
 'name': 'シスネット株式会社',
 'url': None}
2020-10-27 13:49:22 [scrapy.core.scraper] DEBUG: Scraped from <200 https://employment.en-japan.com:443/search/search_list/?occupation_back=400000&caroute=0701&occupation=401000_401500_402000_402500_403000_403500_404000_404500_405000_405500_409000/>
{'a_url': 'https://employment.en-japan.com:443/desc_1039277/?PK=1273ED&arearoute=1',
 'name': '株式会社新都市情報システム',
 'url': None}
2020-10-27 13:49:22 [scrapy.core.scraper] DEBUG: Scraped from <200 https://employment.en-japan.com:443/search/search_list/?occupation_back=400000&caroute=0701&occupation=401000_401500_402000_402500_403000_403500_404000_404500_405000_405500_409000/>
{'a_url': 'https://employment.en-japan.com:443/desc_1040677/?PK=1273ED&arearoute=1',
 'name': '住友化学株式会社（東証一部上場）',
 'url': None}
2020-10-27 13:49:22 [scrapy.core.scraper] DEBUG: Scraped from <200 https://employment.en-japan.com:443/search/search_list/?occupation_back=400000&caroute=0701&occupation=401000_401500_402000_402500_403000_403500_404000_404500_405000_405500_409000/>
{'a_url': 'https://employment.en-japan.com:443/desc_1040747/?PK=1273ED&arearoute=1',
 'name': '株式会社クルーズ',
 'url': None}
2020-10-27 13:49:23 [scrapy.core.scraper] DEBUG: Scraped from <200 https://employment.en-japan.com:443/search/search_list/?occupation_back=400000&caroute=0701&occupation=401000_401500_402000_402500_403000_403500_404000_404500_405000_405500_409000/>
{'a_url': 'https://employment.en-japan.com:443/desc_1040817/?PK=1273ED&arearoute=1',
 'name': '株式会社BTM',
 'url': None}
2020-10-27 13:49:23 [scrapy.core.scraper] DEBUG: Scraped from <200 https://employment.en-japan.com:443/search/search_list/?occupation_back=400000&caroute=0701&occupation=401000_401500_402000_402500_403000_403500_404000_404500_405000_405500_409000/>
{'a_url': 'https://employment.en-japan.com:443/desc_1040889/?PK=1273ED&arearoute=1',
 'name': '株式会社宇部情報システム',
 'url': None}
2020-10-27 13:49:23 [scrapy.core.scraper] DEBUG: Scraped from <200 https://employment.en-japan.com:443/search/search_list/?occupation_back=400000&caroute=0701&occupation=401000_401500_402000_402500_403000_403500_404000_404500_405000_405500_409000/>
{'a_url': 'https://employment.en-japan.com:443/desc_1040894/?PK=1273ED&arearoute=1',
 'name': '株式会社日立ソリューションズ',
 'url': None}
2020-10-27 13:49:23 [scrapy.core.scraper] DEBUG: Scraped from <200 https://employment.en-japan.com:443/search/search_list/?occupation_back=400000&caroute=0701&occupation=401000_401500_402000_402500_403000_403500_404000_404500_405000_405500_409000/>
{'a_url': 'https://employment.en-japan.com:443/desc_1040914/?PK=1273ED&arearoute=1',
 'name': '住化ロジスティクス株式会社',
 'url': None}
2020-10-27 13:49:24 [scrapy.core.scraper] DEBUG: Scraped from <200 https://employment.en-japan.com:443/search/search_list/?occupation_back=400000&caroute=0701&occupation=401000_401500_402000_402500_403000_403500_404000_404500_405000_405500_409000/>
{'a_url': 'https://employment.en-japan.com:443/desc_1041243/?PK=1273ED&arearoute=1',
 'name': '株式会社ビスカス',
 'url': None}
2020-10-27 13:49:24 [scrapy.core.scraper] DEBUG: Scraped from <200 https://employment.en-japan.com:443/search/search_list/?occupation_back=400000&caroute=0701&occupation=401000_401500_402000_402500_403000_403500_404000_404500_405000_405500_409000/>
{'a_url': 'https://employment.en-japan.com:443/desc_1041247/?PK=1273ED&arearoute=1',
 'name': '株式会社ファンコミュニケーションズ（東証一部上場）',
 'url': None}
2020-10-27 13:49:24 [scrapy.core.scraper] DEBUG: Scraped from <200 https://employment.en-japan.com:443/search/search_list/?occupation_back=400000&caroute=0701&occupation=401000_401500_402000_402500_403000_403500_404000_404500_405000_405500_409000/>
{'a_url': 'https://employment.en-japan.com:443/desc_1041263/?PK=1273ED&arearoute=1',
 'name': '佐野器械株式会社',
 'url': None}
2020-10-27 13:49:24 [scrapy.core.scraper] DEBUG: Scraped from <200 https://employment.en-japan.com:443/search/search_list/?occupation_back=400000&caroute=0701&occupation=401000_401500_402000_402500_403000_403500_404000_404500_405000_405500_409000/>
{'a_url': 'https://employment.en-japan.com:443/desc_1041265/?PK=1273ED&arearoute=1',
 'name': '岡田装飾金物株式会社',
 'url': None}
2020-10-27 13:49:25 [scrapy.core.scraper] DEBUG: Scraped from <200 https://employment.en-japan.com:443/search/search_list/?occupation_back=400000&caroute=0701&occupation=401000_401500_402000_402500_403000_403500_404000_404500_405000_405500_409000/>
{'a_url': 'https://employment.en-japan.com:443/desc_1041271/?PK=1273ED&arearoute=1',
 'name': '株式会社サンビット',
 'url': None}
2020-10-27 13:49:25 [scrapy.core.scraper] DEBUG: Scraped from <200 https://employment.en-japan.com:443/search/search_list/?occupation_back=400000&caroute=0701&occupation=401000_401500_402000_402500_403000_403500_404000_404500_405000_405500_409000/>
{'a_url': 'https://employment.en-japan.com:443/desc_1041353/?PK=1273ED&arearoute=1',
 'name': '株式会社ぐるなび（東証一部上場）',
 'url': None}
2020-10-27 13:49:25 [scrapy.core.scraper] DEBUG: Scraped from <200 https://employment.en-japan.com:443/search/search_list/?occupation_back=400000&caroute=0701&occupation=401000_401500_402000_402500_403000_403500_404000_404500_405000_405500_409000/>
{'a_url': 'https://employment.en-japan.com:443/desc_1041625/?PK=1273ED&arearoute=1',
 'name': 'メタルテック株式会社',
 'url': None}
2020-10-27 13:49:25 [scrapy.core.scraper] DEBUG: Scraped from <200 https://employment.en-japan.com:443/search/search_list/?occupation_back=400000&caroute=0701&occupation=401000_401500_402000_402500_403000_403500_404000_404500_405000_405500_409000/>
{'a_url': 'https://employment.en-japan.com:443/desc_1041660/?PK=1273ED&arearoute=1',
 'name': '株式会社フューチャーショップ',
 'url': None}
2020-10-27 13:49:26 [scrapy.core.scraper] DEBUG: Scraped from <200 https://employment.en-japan.com:443/search/search_list/?occupation_back=400000&caroute=0701&occupation=401000_401500_402000_402500_403000_403500_404000_404500_405000_405500_409000/>
{'a_url': 'https://employment.en-japan.com:443/desc_1041664/?PK=1273ED&arearoute=1',
 'name': '株式会社ダイサン（東証二部上場）',
 'url': None}
2020-10-27 13:49:26 [scrapy.core.scraper] DEBUG: Scraped from <200 https://employment.en-japan.com:443/search/search_list/?occupation_back=400000&caroute=0701&occupation=401000_401500_402000_402500_403000_403500_404000_404500_405000_405500_409000/>
{'a_url': 'https://employment.en-japan.com:443/desc_1041669/?PK=1273ED&arearoute=1',
 'name': '株式会社ブルックス',
 'url': None}
2020-10-27 13:49:26 [scrapy.core.scraper] DEBUG: Scraped from <200 https://employment.en-japan.com:443/search/search_list/?occupation_back=400000&caroute=0701&occupation=401000_401500_402000_402500_403000_403500_404000_404500_405000_405500_409000/>
{'a_url': 'https://employment.en-japan.com:443/desc_1041678/?PK=1273ED&arearoute=1',
 'name': '株式会社シノケングループ（東証JASDAQ上場）',
 'url': None}
2020-10-27 13:49:26 [scrapy.core.scraper] DEBUG: Scraped from <200 https://employment.en-japan.com:443/search/search_list/?occupation_back=400000&caroute=0701&occupation=401000_401500_402000_402500_403000_403500_404000_404500_405000_405500_409000/>
{'a_url': 'https://employment.en-japan.com:443/desc_1041682/?PK=1273ED&arearoute=1',
 'name': '株式会社ネクソン（東証一部上場）',
 'url': None}
2020-10-27 13:49:27 [scrapy.core.scraper] DEBUG: Scraped from <200 https://employment.en-japan.com:443/search/search_list/?occupation_back=400000&caroute=0701&occupation=401000_401500_402000_402500_403000_403500_404000_404500_405000_405500_409000/>
{'a_url': 'https://employment.en-japan.com:443/desc_1041683/?PK=1273ED&arearoute=1',
 'name': '株式会社ネクソン（東証一部上場）',
 'url': None}
2020-10-27 13:49:27 [scrapy.core.scraper] DEBUG: Scraped from <200 https://employment.en-japan.com:443/search/search_list/?occupation_back=400000&caroute=0701&occupation=401000_401500_402000_402500_403000_403500_404000_404500_405000_405500_409000/>
{'a_url': 'https://employment.en-japan.com:443/desc_1041685/?PK=1273ED&arearoute=1',
 'name': '株式会社ハイマックス（東証一部上場）',
 'url': None}
2020-10-27 13:49:27 [scrapy.core.scraper] DEBUG: Scraped from <200 https://employment.en-japan.com:443/search/search_list/?occupation_back=400000&caroute=0701&occupation=401000_401500_402000_402500_403000_403500_404000_404500_405000_405500_409000/>
{'a_url': 'https://employment.en-japan.com:443/desc_1041687/?PK=1273ED&arearoute=1',
 'name': '株式会社ハイマックス（東証一部上場）',
 'url': None}
2020-10-27 13:49:27 [scrapy.core.scraper] DEBUG: Scraped from <200 https://employment.en-japan.com:443/search/search_list/?occupation_back=400000&caroute=0701&occupation=401000_401500_402000_402500_403000_403500_404000_404500_405000_405500_409000/>
{'a_url': 'https://employment.en-japan.com:443/desc_1041692/?PK=1273ED&arearoute=1',
 'name': '株式会社ラクス（東証マザーズ上場）',
 'url': None}
2020-10-27 13:49:28 [scrapy.core.scraper] DEBUG: Scraped from <200 https://employment.en-japan.com:443/search/search_list/?occupation_back=400000&caroute=0701&occupation=401000_401500_402000_402500_403000_403500_404000_404500_405000_405500_409000/>
{'a_url': 'https://employment.en-japan.com:443/desc_1041693/?PK=1273ED&arearoute=1',
 'name': '株式会社ラクス（東証マザーズ上場）',
 'url': None}
2020-10-27 13:49:28 [scrapy.core.scraper] DEBUG: Scraped from <200 https://employment.en-japan.com:443/search/search_list/?occupation_back=400000&caroute=0701&occupation=401000_401500_402000_402500_403000_403500_404000_404500_405000_405500_409000/>
{'a_url': 'https://employment.en-japan.com:443/desc_1041703/?PK=1273ED&arearoute=1',
 'name': '株式会社セットアップ',
 'url': None}
2020-10-27 13:49:28 [scrapy.core.scraper] DEBUG: Scraped from <200 https://employment.en-japan.com:443/search/search_list/?occupation_back=400000&caroute=0701&occupation=401000_401500_402000_402500_403000_403500_404000_404500_405000_405500_409000/>
{'a_url': 'https://employment.en-japan.com:443/desc_1041704/?PK=1273ED&arearoute=1',
 'name': '株式会社タイテック',
 'url': None}
2020-10-27 13:49:28 [scrapy.core.scraper] DEBUG: Scraped from <200 https://employment.en-japan.com:443/search/search_list/?occupation_back=400000&caroute=0701&occupation=401000_401500_402000_402500_403000_403500_404000_404500_405000_405500_409000/>
{'a_url': 'https://employment.en-japan.com:443/desc_1041705/?PK=1273ED&arearoute=1',
 'name': '株式会社サイバーセキュリティクラウド（東証マザーズ上場）',
 'url': None}
2020-10-27 13:49:28 [scrapy.core.scraper] DEBUG: Scraped from <200 https://employment.en-japan.com:443/search/search_list/?occupation_back=400000&caroute=0701&occupation=401000_401500_402000_402500_403000_403500_404000_404500_405000_405500_409000/>
{'a_url': 'https://employment.en-japan.com:443/desc_1041707/?PK=1273ED&arearoute=1',
 'name': '株式会社パートナー',
 'url': None}
2020-10-27 13:49:29 [scrapy.core.scraper] DEBUG: Scraped from <200 https://employment.en-japan.com:443/search/search_list/?occupation_back=400000&caroute=0701&occupation=401000_401500_402000_402500_403000_403500_404000_404500_405000_405500_409000/>
{'a_url': 'https://employment.en-japan.com:443/desc_1041708/?PK=1273ED&arearoute=1',
 'name': '株式会社テラスカイ（東証一部上場）',
 'url': None}
2020-10-27 13:49:29 [scrapy.core.scraper] ERROR: Spider error processing <GET https://employment.en-japan.com:443/search/search_list/?occupation_back=400000&caroute=0701&occupation=401000_401500_402000_402500_403000_403500_404000_404500_405000_405500_409000/> (referer: None)
Traceback (most recent call last):
  File "/Users/ryoto/.local/share/virtualenvs/Information-gathering-system-MN1MtG5X/lib/python3.7/site-packages/scrapy/utils/defer.py", line 120, in iter_errback
    yield next(it)
  File "/Users/ryoto/.local/share/virtualenvs/Information-gathering-system-MN1MtG5X/lib/python3.7/site-packages/scrapy/utils/python.py", line 353, in __next__
    return next(self.data)
  File "/Users/ryoto/.local/share/virtualenvs/Information-gathering-system-MN1MtG5X/lib/python3.7/site-packages/scrapy/utils/python.py", line 353, in __next__
    return next(self.data)
  File "/Users/ryoto/.local/share/virtualenvs/Information-gathering-system-MN1MtG5X/lib/python3.7/site-packages/scrapy/core/spidermw.py", line 62, in _evaluate_iterable
    for r in iterable:
  File "/Users/ryoto/.local/share/virtualenvs/Information-gathering-system-MN1MtG5X/lib/python3.7/site-packages/scrapy/spidermiddlewares/offsite.py", line 29, in process_spider_output
    for x in result:
  File "/Users/ryoto/.local/share/virtualenvs/Information-gathering-system-MN1MtG5X/lib/python3.7/site-packages/scrapy/core/spidermw.py", line 62, in _evaluate_iterable
    for r in iterable:
  File "/Users/ryoto/.local/share/virtualenvs/Information-gathering-system-MN1MtG5X/lib/python3.7/site-packages/scrapy/spidermiddlewares/referer.py", line 340, in <genexpr>
    return (_set_referer(r) for r in result or ())
  File "/Users/ryoto/.local/share/virtualenvs/Information-gathering-system-MN1MtG5X/lib/python3.7/site-packages/scrapy/core/spidermw.py", line 62, in _evaluate_iterable
    for r in iterable:
  File "/Users/ryoto/.local/share/virtualenvs/Information-gathering-system-MN1MtG5X/lib/python3.7/site-packages/scrapy/spidermiddlewares/urllength.py", line 37, in <genexpr>
    return (r for r in result or () if _filter(r))
  File "/Users/ryoto/.local/share/virtualenvs/Information-gathering-system-MN1MtG5X/lib/python3.7/site-packages/scrapy/core/spidermw.py", line 62, in _evaluate_iterable
    for r in iterable:
  File "/Users/ryoto/.local/share/virtualenvs/Information-gathering-system-MN1MtG5X/lib/python3.7/site-packages/scrapy/spidermiddlewares/depth.py", line 58, in <genexpr>
    return (r for r in result or () if _filter(r))
  File "/Users/ryoto/.local/share/virtualenvs/Information-gathering-system-MN1MtG5X/lib/python3.7/site-packages/scrapy/core/spidermw.py", line 62, in _evaluate_iterable
    for r in iterable:
  File "/Users/ryoto/Development/Hers/Information-gathering-system/scrapy_project/scrapy_project/spiders/spider.py", line 12, in parse
    data = response.xpath('//*[@class="jobSearchListLeftArea"]/*[@class="list"]')[count].get()
  File "/Users/ryoto/.local/share/virtualenvs/Information-gathering-system-MN1MtG5X/lib/python3.7/site-packages/parsel/selector.py", line 70, in __getitem__
    o = super(SelectorList, self).__getitem__(pos)
IndexError: list index out of range
2020-10-27 13:49:29 [scrapy.core.engine] INFO: Closing spider (finished)
2020-10-27 13:49:29 [scrapy.extensions.feedexport] INFO: Stored csv feed (49 items) in: data.csv
2020-10-27 13:49:29 [scrapy.statscollectors] INFO: Dumping Scrapy stats:
{'downloader/request_bytes': 2130,
 'downloader/request_count': 5,
 'downloader/request_method_count/GET': 5,
 'downloader/response_bytes': 113544,
 'downloader/response_count': 5,
 'downloader/response_status_count/200': 3,
 'downloader/response_status_count/301': 2,
 'elapsed_time_seconds': 12.14858,
 'finish_reason': 'finished',
 'finish_time': datetime.datetime(2020, 10, 27, 4, 49, 29, 248748),
 'httpcache/hit': 5,
 'item_scraped_count': 49,
 'log_count/DEBUG': 55,
 'log_count/ERROR': 1,
 'log_count/INFO': 11,
 'memusage/max': 52068352,
 'memusage/startup': 52068352,
 'response_received_count': 3,
 'robotstxt/request_count': 2,
 'robotstxt/response_count': 2,
 'robotstxt/response_status_count/200': 2,
 'scheduler/dequeued': 2,
 'scheduler/dequeued/memory': 2,
 'scheduler/enqueued': 2,
 'scheduler/enqueued/memory': 2,
 'spider_exceptions/IndexError': 1,
 'start_time': datetime.datetime(2020, 10, 27, 4, 49, 17, 100168)}
2020-10-27 13:49:29 [scrapy.core.engine] INFO: Spider closed (finished)
